Build started 31-3-2013 13:59:03.
     1>Project "D:\gitProjects\KBSa\Mario\Mario\Mario.vcxproj" on node 2 (build target(s)).
     1>InitializeBuildStatus:
         Touching "Release\Mario.unsuccessfulbuild".
       ClCompile:
         All outputs are up-to-date.
       Link:
         C:\Program Files (x86)\Microsoft Visual Studio 10.0\VC\bin\link.exe /ERRORREPORT:PROMPT /OUT:"D:\gitProjects\KBSa\Mario\Release\Mario.exe" /INCREMENTAL:NO /NOLOGO kernel32.lib user32.lib gdi32.lib winspool.lib comdlg32.lib advapi32.lib shell32.lib ole32.lib oleaut32.lib uuid.lib odbc32.lib odbccp32.lib msimg32.lib kernel32.lib user32.lib gdi32.lib winspool.lib comdlg32.lib advapi32.lib shell32.lib ole32.lib oleaut32.lib uuid.lib odbc32.lib odbccp32.lib /MANIFEST /ManifestFile:"Release\Mario.exe.intermediate.manifest" /MANIFESTUAC:"level='asInvoker' uiAccess='false'" /DEBUG /PDB:"D:\gitProjects\KBSa\Mario\Release\Mario.pdb" /SUBSYSTEM:WINDOWS /OPT:REF /OPT:ICF /LTCG /TLBID:1 /DYNAMICBASE /NXCOMPAT /IMPLIB:"D:\gitProjects\KBSa\Mario\Release\Mario.lib" /MACHINE:X86 Release\Camera.obj
         Release\Castle.obj
         Release\character.obj
         Release\Coin.obj
         Release\Enemy.obj
         Release\FastWalk.obj
         Release\Goomba.obj
         Release\Hero.obj
         Release\Koopa.obj
         Release\Flower.obj
         Release\LiveUp.obj
         Release\Mushroom.obj
         Release\NormalJump.obj
         Release\Skeleton.obj
         Release\XMLParserNode.obj
         Release\NormalWalk.obj
         Release\Ground.obj
         Release\Win.obj
         Release\WinMain.obj
         Release\XMLParser.obj
         Release\Gameobject.obj
         Release\Gamestate.obj
         Release\Block.obj
         Release\DungeonThemeFactory.obj
         Release\LandThemeFactory.obj
         Release\Pipe.obj
         Release\SkyThemeFactory.obj
         Release\WaterThemeFactory.obj
         Generating code
     1>d:\gitprojects\kbsa\mario\mario\koopa.cpp(28): warning C4715: 'Koopa::getStartPoint' : not all control paths return a value
     1>d:\gitprojects\kbsa\mario\mario\koopa.cpp(21): warning C4715: 'Koopa::getEndPoint' : not all control paths return a value
     1>d:\gitprojects\kbsa\mario\mario\goomba.cpp(31): warning C4715: 'Goomba::getStartPoint' : not all control paths return a value
     1>d:\gitprojects\kbsa\mario\mario\goomba.cpp(24): warning C4715: 'Goomba::getEndPoint' : not all control paths return a value
         Finished generating code
         Mario.vcxproj -> D:\gitProjects\KBSa\Mario\Release\Mario.exe
       Manifest:
         C:\Program Files (x86)\Microsoft SDKs\Windows\v7.0A\bin\mt.exe /nologo /verbose /outputresource:"D:\gitProjects\KBSa\Mario\Release\Mario.exe;#1" /manifest Release\Mario.exe.intermediate.manifest
       FinalizeBuildStatus:
         Deleting file "Release\Mario.unsuccessfulbuild".
         Touching "Release\Mario.lastbuildstate".
     1>Done Building Project "D:\gitProjects\KBSa\Mario\Mario\Mario.vcxproj" (build target(s)).

Build succeeded.

Time Elapsed 00:00:01.98
